
  EPA STORM WATER MANAGEMENT MODEL - VERSION 5.2 (Build 5.2.4)
  PYSWMM TOOLKIT API - VERSION v1.0 (2024-04-17)
  ------------------------------------------------------------

  WARNING 04: minimum elevation drop used for Conduit C70_2
  WARNING 04: minimum elevation drop used for Conduit C85
  
  *************
  Element Count
  *************
  Number of rain gages ...... 1
  Number of subcatchments ... 39
  Number of nodes ........... 43
  Number of links ........... 42
  Number of pollutants ...... 0
  Number of land uses ....... 0
  
  
  ****************
  Raingage Summary
  ****************
                                                      Data       Recording
  Name                 Data Source                    Type       Interval 
  ------------------------------------------------------------------------
  rain_gage            rain_gage_timeseries           INTENSITY   15 min.
  
  
  ********************
  Subcatchment Summary
  ********************
  Name                       Area     Width   %Imperv    %Slope Rain Gage            Outlet              
  -----------------------------------------------------------------------------------------------------------
  Sub_1                      2.62    272.79     55.00    3.9580 rain_gage            J89                 
  Sub_10                     2.19    296.41     77.00    2.4860 rain_gage            J12                 
  Sub_11                     0.67    130.53     57.00    5.0240 rain_gage            J6                  
  Sub_12                     5.31    283.97     49.00    3.4940 rain_gage            J12                 
  Sub_13                     4.38    341.66     50.00    2.9930 rain_gage            J2                  
  Sub_14                    14.91    412.40     52.00    3.9710 rain_gage            J155                
  Sub_15                     3.68    325.75     59.00    4.8800 rain_gage            J96                 
  Sub_16                     2.81    372.64     48.00    3.5770 rain_gage            J32                 
  Sub_17                     4.94    458.98     41.00    4.7410 rain_gage            J30                 
  Sub_18                     1.52    250.00     79.00    2.3090 rain_gage            J8                  
  Sub_19                     2.15    372.00     78.00    3.4760 rain_gage            J121                
  Sub_2                      4.81    406.94     64.00    3.8880 rain_gage            J6                  
  Sub_20                    11.54    261.37     57.00    3.9380 rain_gage            J13                 
  Sub_21                     2.48    159.75     71.00    3.2870 rain_gage            J46                 
  Sub_22                     0.94    200.00     69.00    3.2890 rain_gage            J118                
  Sub_23                     2.95    250.00     63.00    3.6520 rain_gage            J103                
  Sub_24                     5.93    412.94     59.00    3.2030 rain_gage            J4                  
  Sub_25                     3.38    300.00     42.00    3.1260 rain_gage            J52                 
  Sub_26                     6.44    408.85     60.00    3.6440 rain_gage            J1                  
  Sub_27                     2.29    250.00     67.00    3.4680 rain_gage            J118                
  Sub_28                    10.61    229.01     71.00    3.1810 rain_gage            J43                 
  Sub_29                     4.46    300.00     76.00    3.1960 rain_gage            J7                  
  Sub_3                      2.79    466.00     72.00    3.7700 rain_gage            outfall             
  Sub_30                     2.64    390.64     74.00    3.0810 rain_gage            J57                 
  Sub_31                     2.90    292.33     72.00    2.7780 rain_gage            J156                
  Sub_32                     7.63    310.58     77.00    2.8180 rain_gage            J126                
  Sub_33                     3.19    461.41     83.00    3.0790 rain_gage            J63                 
  Sub_34                     2.29    250.00     65.00    2.6240 rain_gage            J5                  
  Sub_35                     2.76    217.64     70.00    2.8170 rain_gage            J3                  
  Sub_36                     1.43    235.88     50.00    2.2300 rain_gage            J70                 
  Sub_37                     1.87    251.70     78.00    3.2300 rain_gage            J71                 
  Sub_38                     4.37    354.85     73.00    3.2410 rain_gage            J23                 
  Sub_39                    11.94    244.72     56.00    2.9530 rain_gage            J147                
  Sub_4                      2.18    358.74     82.00    3.9740 rain_gage            J11                 
  Sub_5                      2.02    268.69     96.00    3.0480 rain_gage            J25                 
  Sub_6                      1.69    314.60     85.00    3.7140 rain_gage            J26                 
  Sub_7                      0.86    147.58     75.00    3.3650 rain_gage            J17                 
  Sub_8                      0.37     73.53     39.00    3.1440 rain_gage            J10                 
  Sub_9                      4.52    345.46     42.00    3.8900 rain_gage            J9                  
  
  
  ************
  Node Summary
  ************
                                           Invert      Max.    Ponded    External
  Name                 Type                 Elev.     Depth      Area    Inflow  
  -------------------------------------------------------------------------------
  J1                   JUNCTION             -6.11     11.75       0.0
  J10                  JUNCTION             -6.30     10.18       0.0
  J103                 JUNCTION             -6.19     10.56       0.0
  J104                 JUNCTION             -6.22     10.06       0.0
  J11                  JUNCTION              0.00      4.57       0.0
  J118                 JUNCTION             -6.18     12.12       0.0
  J12                  JUNCTION             -1.49      6.08       0.0
  J121                 JUNCTION             -1.01      9.50       0.0
  J126                 JUNCTION              2.71      5.20       0.0
  J13                  JUNCTION             -6.14     12.38       0.0
  J14                  JUNCTION             -6.30     10.18       0.0
  J147                 JUNCTION              2.00      4.84       0.0
  J151                 JUNCTION             -6.29     10.14       0.0
  J156                 JUNCTION              2.00      6.65       0.0
  J17                  JUNCTION             -2.21      6.73       0.0
  J18                  JUNCTION             -6.29     10.21       0.0
  J2                   JUNCTION             -0.37      7.68       0.0
  J23                  JUNCTION              1.98      4.73       0.0
  J25                  JUNCTION             -0.96      9.42       0.0
  J26                  JUNCTION             -1.44      7.94       0.0
  J27                  JUNCTION             -2.16      4.90       0.0
  J3                   JUNCTION             -0.57      9.12       0.0
  J30                  JUNCTION             -6.26      9.78       0.0
  J32                  JUNCTION             -6.23     10.58       0.0
  J4                   JUNCTION             -1.20      7.63       0.0
  J43                  JUNCTION             -1.70      8.65       0.0
  J44                  JUNCTION             -6.18     12.57       0.0
  J46                  JUNCTION             -6.16     11.43       0.0
  J5                   JUNCTION             -1.09      8.97       0.0
  J50                  JUNCTION             -6.15     11.76       0.0
  J52                  JUNCTION             -6.13     12.49       0.0
  J57                  JUNCTION             -1.59      8.82       0.0
  J6                   JUNCTION             -2.09      5.83       0.0
  J63                  JUNCTION              1.87      4.03       0.0
  J7                   JUNCTION             -0.42      6.53       0.0
  J70                  JUNCTION              2.00      7.06       0.0
  J71                  JUNCTION              1.80      7.50       0.0
  J8                   JUNCTION             -1.37      8.64       0.0
  J89                  JUNCTION             -1.00      6.26       0.0
  J9                   JUNCTION             -2.20      4.44       0.0
  J96                  JUNCTION             -1.97      5.15       0.0
  outfall              OUTFALL              -6.30     10.00       0.0
  J155                 STORAGE              -4.00      7.18       0.0
  
  
  ************
  Link Summary
  ************
  Name             From Node        To Node          Type            Length    %Slope Roughness
  ---------------------------------------------------------------------------------------------
  C103_1           J71              J3               CONDUIT          380.3    0.6233    0.0100
  C103_3           J3               J5               CONDUIT          261.0    0.2000    0.0100
  C103_4           J5               J57              CONDUIT          252.8    0.2000    0.0100
  C108             J70              J71              CONDUIT          121.0    0.1612    0.0100
  C110             J43              J44              CONDUIT          240.0    0.1667    0.0100
  C125_1           J57              J1               CONDUIT          257.8    0.9757    0.0100
  C125_2           J1               J52              CONDUIT          254.2    0.0100    0.0100
  C147             J7               J4               CONDUIT          393.0    0.2000    0.0100
  C147_2           J4               J57              CONDUIT          194.0    0.2000    0.0100
  C147_5           J63              J7               CONDUIT          273.4    0.8371    0.0100
  C15              J26              J17              CONDUIT          386.0    0.2000    0.0100
  C152             J23              J63              CONDUIT          346.2    0.0323    0.0100
  C152_1           J147             J23              CONDUIT           56.8    0.0317    0.0100
  C158             J17              J151             CONDUIT           40.0    0.2000    0.0100
  C159             J151             J10              CONDUIT           65.0    0.0100    0.0100
  C160             J18              J151             CONDUIT           65.0    0.0100    0.0100
  C167             J104             J32              CONDUIT           77.0    0.0100    0.0100
  C168             J155             J104             CONDUIT           15.0    6.6815    0.0100
  C174             J156             J71              CONDUIT          226.0    0.0863    0.0100
  C18_1            J52              J13              CONDUIT           24.9    0.0104    0.0100
  C18_2            J13              J50              CONDUIT          142.9    0.0104    0.0100
  C2               J50              J46              CONDUIT           71.3    0.0100    0.0100
  C26              J11              J14              CONDUIT          445.6    0.2917    0.0100
  C27              J2               J89              CONDUIT          314.9    0.2000    0.0100
  C38              J96              J32              CONDUIT          130.0    0.1938    0.0100
  C47              J25              J26              CONDUIT          241.0    0.2000    0.0100
  C57              J103             J104             CONDUIT          262.0    0.0100    0.0100
  C62              J32              J30              CONDUIT          305.9    0.0100    0.0100
  C64              J89              J12              CONDUIT          237.9    0.2039    0.0100
  C64_2            J12              J6               CONDUIT          303.5    0.2000    0.0100
  C68_1            J6               J27              CONDUIT           38.4    0.1808    0.0100
  C68_2            J27              J9               CONDUIT           19.2    0.1804    0.0100
  C69              J9               J10              CONDUIT           52.0    0.2000    0.0100
  C70_1            J10              J14              CONDUIT          279.9    0.0046    0.0100
  C70_2            J14              outfall          CONDUIT            5.5    0.0183    0.0100
  C78              J30              J18              CONDUIT          281.0    0.0100    0.0100
  C84              J118             J103             CONDUIT          163.0    0.0100    0.0100
  C85              J44              J118             CONDUIT            8.0    0.0125    0.0100
  C86              J46              J44              CONDUIT          189.0    0.0100    0.0100
  C90_1            J121             J8               CONDUIT          179.1    0.2000    0.0100
  C90_2            J8               J32              CONDUIT          429.7    0.2000    0.0100
  C96              J126             J63              CONDUIT          582.0    0.1436    0.0100
  
  
  *********************
  Cross Section Summary
  *********************
                                        Full     Full     Hyd.     Max.   No. of     Full
  Conduit          Shape               Depth     Area     Rad.    Width  Barrels     Flow
  ---------------------------------------------------------------------------------------
  C103_1           CIRCULAR             1.50     1.77     0.38     1.50        1    10.78
  C103_3           CIRCULAR             1.50     1.77     0.38     1.50        1     6.11
  C103_4           CIRCULAR             1.50     1.77     0.38     1.50        1     6.11
  C108             CIRCULAR             1.25     1.23     0.31     1.25        1     3.37
  C110             CIRCULAR             1.50     1.77     0.38     1.50        1     5.57
  C125_1           CIRCULAR             3.00     7.07     0.75     3.00        1    85.65
  C125_2           RECT_CLOSED          8.00    40.00     1.54     5.00        1    79.21
  C147             CIRCULAR             2.00     3.14     0.50     2.00        1    13.15
  C147_2           CIRCULAR             2.00     3.14     0.50     2.00        1    13.15
  C147_5           CIRCULAR             2.01     3.16     0.50     2.01        1    27.16
  C15              CIRCULAR             1.75     2.41     0.44     1.75        1     9.21
  C152             CIRCULAR             1.26     1.24     0.31     1.26        1     1.53
  C152_1           CIRCULAR             1.26     1.24     0.31     1.26        1     1.51
  C158             CIRCULAR             1.75     2.41     0.44     1.75        1     9.21
  C159             RECT_CLOSED          8.00    40.00     1.54     5.00        1    79.21
  C160             RECT_CLOSED          8.00    40.00     1.54     5.00        1    79.21
  C167             RECT_CLOSED          8.00    40.00     1.54     5.00        1    79.21
  C168             CIRCULAR             2.00     3.14     0.50     2.00        1    76.02
  C174             CIRCULAR             1.00     0.79     0.25     1.00        1     1.36
  C18_1            RECT_CLOSED          8.00    40.00     1.54     5.00        1    80.82
  C18_2            RECT_CLOSED          8.00    40.00     1.54     5.00        1    80.92
  C2               RECT_CLOSED          8.00    40.00     1.54     5.00        1    79.21
  C26              CIRCULAR             1.00     0.79     0.25     1.00        1     2.50
  C27              CIRCULAR             1.25     1.23     0.31     1.25        1     3.76
  C38              CIRCULAR             1.50     1.77     0.38     1.50        1     6.01
  C47              CIRCULAR             1.75     2.41     0.44     1.75        1     9.21
  C57              RECT_CLOSED          8.00    40.00     1.54     5.00        1    79.21
  C62              RECT_CLOSED          8.00    40.00     1.54     5.00        1    79.21
  C64              CIRCULAR             2.00     3.14     0.50     2.00        1    13.28
  C64_2            CIRCULAR             2.00     3.14     0.50     2.00        1    13.15
  C68_1            CIRCULAR             2.00     3.14     0.50     2.00        1    12.51
  C68_2            CIRCULAR             2.00     3.14     0.50     2.00        1    12.49
  C69              CIRCULAR             2.00     3.14     0.50     2.00        1    13.15
  C70_1            RECT_CLOSED         10.00    50.00     1.67     5.00        1    70.50
  C70_2            RECT_CLOSED         10.00    50.00     1.67     5.00        1   141.22
  C78              RECT_CLOSED          8.00    40.00     1.54     5.00        1    79.21
  C84              RECT_CLOSED          8.00    40.00     1.54     5.00        1    79.21
  C85              RECT_CLOSED          8.00    40.00     1.54     5.00        1    88.56
  C86              RECT_CLOSED          8.00    40.00     1.54     5.00        1    79.21
  C90_1            RECT_CLOSED          1.50     1.36     0.28     0.91        1     3.91
  C90_2            RECT_CLOSED          1.50     1.36     0.28     0.91        1     3.91
  C96              CIRCULAR             1.25     1.23     0.31     1.25        1     3.18
  
  
  ****************
  Analysis Options
  ****************
  Flow Units ............... CFS
  Process Models:
    Rainfall/Runoff ........ YES
    RDII ................... NO
    Snowmelt ............... NO
    Groundwater ............ NO
    Flow Routing ........... YES
    Ponding Allowed ........ NO
    Water Quality .......... NO
  Infiltration Method ...... GREEN_AMPT
  Flow Routing Method ...... DYNWAVE
  Surcharge Method ......... EXTRAN
  Starting Date ............ 05/31/2025 12:00:00
  Ending Date .............. 06/02/2025 12:00:00
  Antecedent Dry Days ...... 0.0
  Report Time Step ......... 00:05:00
  Wet Time Step ............ 00:05:00
  Dry Time Step ............ 00:05:00
  Routing Time Step ........ 5.00 sec
  Variable Time Step ....... YES
  Maximum Trials ........... 8
  Number of Threads ........ 2
  Head Tolerance ........... 0.005000 ft
  
  
  *********************
  Control Actions Taken
  *********************

  
  **************************        Volume         Depth
  Runoff Quantity Continuity     acre-feet        inches
  **************************     ---------       -------
  Total Precipitation ......         5.476         0.420
  Evaporation Loss .........         0.000         0.000
  Infiltration Loss ........         2.970         0.228
  Surface Runoff ...........         2.216         0.170
  Final Storage ............         0.305         0.023
  Continuity Error (%) .....        -0.292
  
  
  **************************        Volume        Volume
  Flow Routing Continuity        acre-feet      10^6 gal
  **************************     ---------     ---------
  Dry Weather Inflow .......         0.000         0.000
  Wet Weather Inflow .......         2.215         0.722
  Groundwater Inflow .......         0.000         0.000
  RDII Inflow ..............         0.000         0.000
  External Inflow ..........         0.000         0.000
  External Outflow .........         0.410         0.134
  Flooding Loss ............         0.000         0.000
  Evaporation Loss .........         0.000         0.000
  Exfiltration Loss ........         0.000         0.000
  Initial Stored Volume ....         1.620         0.528
  Final Stored Volume ......         3.427         1.117
  Continuity Error (%) .....        -0.019
  
  
  *************************
  Highest Continuity Errors
  *************************
  Node J30 (25.21%)
  Node J18 (18.14%)
  Node J14 (17.47%)
  Node J32 (14.42%)
  Node J10 (14.14%)
  
  
  ***************************
  Time-Step Critical Elements
  ***************************
  Link C85 (17.85%)
  Link C168 (10.09%)
  Link C68_2 (1.95%)
  Link C70_2 (1.64%)
  
  
  ********************************
  Highest Flow Instability Indexes
  ********************************
  Link C84 (40)
  Link C85 (40)
  Link C68_2 (33)
  Link C86 (27)
  Link C2 (25)
  
  
  *********************************
  Most Frequent Nonconverging Nodes
  *********************************
  Node outfall (12.21%)
  Node J118 (11.67%)
  Node J44 (2.12%)
  Node J27 (0.21%)
  Node J9 (0.18%)
  
  
  *************************
  Routing Time Step Summary
  *************************
  Minimum Time Step           :     0.50 sec
  Average Time Step           :     3.79 sec
  Maximum Time Step           :     5.00 sec
  % of Time in Steady State   :     0.00
  Average Iterations per Step :     3.89
  % of Steps Not Converging   :    12.21
  Time Step Frequencies       :
      5.000 -  3.155 sec      :    68.75 %
      3.155 -  1.991 sec      :     5.50 %
      1.991 -  1.256 sec      :     5.64 %
      1.256 -  0.792 sec      :     2.34 %
      0.792 -  0.500 sec      :    17.77 %
  
  
  ***************************
  Subcatchment Runoff Summary
  ***************************
  
  ------------------------------------------------------------------------------------------------------------------------------
                            Total      Total      Total      Total     Imperv       Perv      Total       Total     Peak  Runoff
                           Precip      Runon       Evap      Infil     Runoff     Runoff     Runoff      Runoff   Runoff   Coeff
  Subcatchment                 in         in         in         in         in         in         in    10^6 gal      CFS
  ------------------------------------------------------------------------------------------------------------------------------
  Sub_1                      0.42       0.00       0.00       0.25       0.21       0.00       0.15        0.01     0.53   0.353
  Sub_10                     0.42       0.00       0.00       0.15       0.30       0.03       0.24        0.01     0.82   0.576
  Sub_11                     0.42       0.00       0.00       0.25       0.22       0.00       0.15        0.00     0.14   0.366
  Sub_12                     0.42       0.00       0.00       0.27       0.19       0.00       0.13        0.02     0.96   0.314
  Sub_13                     0.42       0.00       0.00       0.27       0.19       0.00       0.13        0.02     0.81   0.321
  Sub_14                     0.42       0.00       0.00       0.26       0.20       0.00       0.14        0.06     2.82   0.333
  Sub_15                     0.42       0.00       0.00       0.24       0.23       0.00       0.16        0.02     0.80   0.378
  Sub_16                     0.42       0.00       0.00       0.27       0.18       0.00       0.13        0.01     0.50   0.308
  Sub_17                     0.42       0.00       0.00       0.30       0.16       0.00       0.11        0.01     0.75   0.263
  Sub_18                     0.42       0.00       0.00       0.18       0.30       0.00       0.21        0.01     0.44   0.507
  Sub_19                     0.42       0.00       0.00       0.18       0.30       0.00       0.21        0.01     0.62   0.500
  Sub_2                      0.42       0.00       0.00       0.22       0.25       0.01       0.18        0.02     1.20   0.424
  Sub_20                     0.42       0.00       0.00       0.25       0.22       0.00       0.15        0.05     2.34   0.365
  Sub_21                     0.42       0.00       0.00       0.20       0.27       0.00       0.19        0.01     0.65   0.455
  Sub_22                     0.42       0.00       0.00       0.19       0.27       0.02       0.21        0.01     0.31   0.492
  Sub_23                     0.42       0.00       0.00       0.23       0.24       0.00       0.17        0.01     0.69   0.404
  Sub_24                     0.42       0.00       0.00       0.24       0.23       0.00       0.16        0.03     1.29   0.378
  Sub_25                     0.42       0.00       0.00       0.29       0.16       0.00       0.11        0.01     0.52   0.269
  Sub_26                     0.42       0.00       0.00       0.24       0.23       0.00       0.16        0.03     1.43   0.384
  Sub_27                     0.42       0.00       0.00       0.22       0.26       0.00       0.18        0.01     0.57   0.430
  Sub_28                     0.42       0.00       0.00       0.20       0.27       0.00       0.19        0.05     2.55   0.454
  Sub_29                     0.42       0.00       0.00       0.19       0.29       0.00       0.20        0.02     1.25   0.487
  Sub_3                      0.42       0.00       0.00       0.18       0.28       0.03       0.22        0.02     0.97   0.524
  Sub_30                     0.42       0.00       0.00       0.19       0.28       0.00       0.20        0.01     0.72   0.475
  Sub_31                     0.42       0.00       0.00       0.20       0.28       0.00       0.19        0.02     0.77   0.461
  Sub_32                     0.42       0.00       0.00       0.19       0.30       0.00       0.21        0.04     2.11   0.493
  Sub_33                     0.42       0.00       0.00       0.17       0.32       0.00       0.22        0.02     0.98   0.532
  Sub_34                     0.42       0.00       0.00       0.22       0.25       0.00       0.18        0.01     0.55   0.417
  Sub_35                     0.42       0.00       0.00       0.21       0.27       0.00       0.19        0.01     0.71   0.448
  Sub_36                     0.42       0.00       0.00       0.27       0.19       0.00       0.13        0.01     0.26   0.321
  Sub_37                     0.42       0.00       0.00       0.18       0.30       0.00       0.21        0.01     0.54   0.500
  Sub_38                     0.42       0.00       0.00       0.20       0.28       0.00       0.20        0.02     1.18   0.468
  Sub_39                     0.42       0.00       0.00       0.25       0.21       0.00       0.15        0.05     2.32   0.358
  Sub_4                      0.42       0.00       0.00       0.17       0.32       0.00       0.22        0.01     0.66   0.526
  Sub_5                      0.42       0.00       0.00       0.05       0.37       0.08       0.33        0.02     0.99   0.794
  Sub_6                      0.42       0.00       0.00       0.16       0.33       0.01       0.24        0.01     0.57   0.560
  Sub_7                      0.42       0.00       0.00       0.19       0.29       0.00       0.20        0.00     0.24   0.481
  Sub_8                      0.42       0.00       0.00       0.30       0.15       0.00       0.11        0.00     0.05   0.251
  Sub_9                      0.42       0.00       0.00       0.29       0.16       0.00       0.11        0.01     0.70   0.269
  
  
  ******************
  Node Depth Summary
  ******************
  
  ---------------------------------------------------------------------------------
                                 Average  Maximum  Maximum  Time of Max    Reported
                                   Depth    Depth      HGL   Occurrence   Max Depth
  Node                 Type         Feet     Feet     Feet  days hr:min        Feet
  ---------------------------------------------------------------------------------
  J1                   JUNCTION     3.79     6.89     0.78     0  18:58        6.81
  J10                  JUNCTION     3.93     7.05     0.75     0  18:58        6.99
  J103                 JUNCTION     3.85     6.93     0.74     0  18:59        6.89
  J104                 JUNCTION     3.87     7.02     0.79     0  18:57        6.98
  J11                  JUNCTION     0.07     0.76     0.76     0  18:58        0.71
  J118                 JUNCTION     3.84     6.93     0.75     0  18:58        6.89
  J12                  JUNCTION     0.65     3.07     1.59     0  18:52        2.23
  J121                 JUNCTION     0.32     2.82     1.80     0  18:56        1.74
  J126                 JUNCTION     0.09     0.76     3.47     0  18:15        0.76
  J13                  JUNCTION     3.81     6.91     0.77     0  18:58        6.85
  J14                  JUNCTION     3.93     7.07     0.77     0  18:57        6.97
  J147                 JUNCTION     0.16     1.41     3.41     0  18:15        1.41
  J151                 JUNCTION     3.92     7.05     0.75     0  18:58        6.99
  J156                 JUNCTION     0.06     0.54     2.54     0  18:15        0.54
  J17                  JUNCTION     1.11     2.98     0.76     0  18:58        2.90
  J18                  JUNCTION     3.92     7.05     0.76     0  18:58        6.99
  J2                   JUNCTION     0.12     1.26     0.89     0  18:59        1.22
  J23                  JUNCTION     0.17     1.38     3.36     0  18:15        1.38
  J25                  JUNCTION     0.29     1.88     0.92     0  18:58        1.69
  J26                  JUNCTION     0.61     2.74     1.30     0  18:48        2.16
  J27                  JUNCTION     1.10     2.91     0.75     0  18:58        2.87
  J3                   JUNCTION     0.17     1.40     0.83     0  18:59        1.39
  J30                  JUNCTION     3.90     7.02     0.76     0  18:58        6.98
  J32                  JUNCTION     3.88     7.00     0.77     0  18:59        6.92
  J4                   JUNCTION     0.50     2.12     0.92     0  18:59        1.96
  J43                  JUNCTION     0.79     2.45     0.75     0  18:58        2.41
  J44                  JUNCTION     3.84     6.93     0.75     0  18:58        6.89
  J46                  JUNCTION     3.83     6.93     0.77     0  18:58        6.88
  J5                   JUNCTION     0.40     3.92     2.83     0  18:50        1.84
  J50                  JUNCTION     3.82     6.92     0.77     0  18:58        6.87
  J52                  JUNCTION     3.81     6.90     0.77     0  18:58        6.85
  J57                  JUNCTION     0.72     2.40     0.81     0  18:59        2.28
  J6                   JUNCTION     1.05     2.89     0.79     0  18:52        2.80
  J63                  JUNCTION     0.08     0.67     2.54     0  18:15        0.67
  J7                   JUNCTION     0.20     1.28     0.87     0  19:00        1.28
  J70                  JUNCTION     0.03     0.24     2.24     0  18:15        0.24
  J71                  JUNCTION     0.04     0.39     2.19     0  18:15        0.39
  J8                   JUNCTION     0.56     3.02     1.65     0  18:56        2.09
  J89                  JUNCTION     0.32     1.78     0.78     0  18:59        1.77
  J9                   JUNCTION     1.12     2.95     0.75     0  18:57        2.90
  J96                  JUNCTION     0.94     2.75     0.78     0  18:57        2.66
  outfall              OUTFALL      6.61     7.50     1.20     0  18:00        7.50
  J155                 STORAGE      2.23     2.39    -1.61     2  00:00        2.39
  
  
  *******************
  Node Inflow Summary
  *******************
  
  -------------------------------------------------------------------------------------------------
                                  Maximum  Maximum                  Lateral       Total        Flow
                                  Lateral    Total  Time of Max      Inflow      Inflow     Balance
                                   Inflow   Inflow   Occurrence      Volume      Volume       Error
  Node                 Type           CFS      CFS  days hr:min    10^6 gal    10^6 gal     Percent
  -------------------------------------------------------------------------------------------------
  J1                   JUNCTION      1.43    14.00     0  18:15      0.0282       0.303      11.482
  J10                  JUNCTION      0.05     8.22     0  21:37     0.00105       0.252      16.465
  J103                 JUNCTION      0.69    11.02     0  18:14      0.0136       0.322      13.842
  J104                 JUNCTION      0.00    15.83     0  18:58           0       0.346      11.030
  J11                  JUNCTION      0.66     0.66     0  18:15       0.013      0.0142       1.427
  J118                 JUNCTION      0.87    24.93     0  18:38      0.0165       0.923      14.687
  J12                  JUNCTION      1.78     3.12     0  18:15      0.0334      0.0775       2.536
  J121                 JUNCTION      0.62     0.62     0  18:15      0.0123      0.0144       0.730
  J126                 JUNCTION      2.11     2.11     0  18:15      0.0429      0.0429      -0.018
  J13                  JUNCTION      2.34    13.65     0  18:14       0.048       0.312       5.647
  J14                  JUNCTION      0.00     8.22     0  21:37           0        0.17      21.173
  J147                 JUNCTION      2.32     2.32     0  18:15      0.0488      0.0488      -0.002
  J151                 JUNCTION      0.00     7.87     0  21:37           0       0.211       6.907
  J156                 JUNCTION      0.77     0.77     0  18:15      0.0153      0.0153      -0.017
  J17                  JUNCTION      0.24     1.79     0  18:25     0.00471      0.0495       7.206
  J18                  JUNCTION      0.00     7.25     0  21:37           0       0.196      22.156
  J2                   JUNCTION      0.81     0.81     0  18:15       0.016      0.0189      -0.373
  J23                  JUNCTION      1.18     3.49     0  18:15      0.0233       0.072       0.000
  J25                  JUNCTION      0.99     0.99     0  18:15      0.0183       0.024       0.503
  J26                  JUNCTION      0.57     1.56     0  18:15      0.0108      0.0421       4.629
  J27                  JUNCTION      0.00     4.44     0  18:15           0      0.0988      -0.192
  J3                   JUNCTION      0.71     2.29     0  18:15      0.0141      0.0491       0.034
  J30                  JUNCTION      0.75     7.18     0  18:20      0.0148       0.238      33.703
  J32                  JUNCTION      0.50    11.46     0  18:53     0.00987       0.285      16.855
  J4                   JUNCTION      1.29     9.05     0  18:15      0.0256       0.192       0.570
  J43                  JUNCTION      2.55     2.55     0  18:15      0.0549      0.0559       3.193
  J44                  JUNCTION      0.00    12.06     0  21:34           0       0.819      -8.480
  J46                  JUNCTION      0.65    11.96     0  18:15      0.0128       0.293       9.801
  J5                   JUNCTION      0.55     2.84     0  18:15      0.0109      0.0658       0.601
  J50                  JUNCTION      0.00    12.38     0  18:07           0       0.299       7.755
  J52                  JUNCTION      0.52    12.98     0  18:15      0.0104       0.289      10.665
  J57                  JUNCTION      0.72    12.59     0  18:15      0.0143       0.275       1.672
  J6                   JUNCTION      1.34     4.45     0  18:15       0.026       0.101       2.537
  J63                  JUNCTION      0.98     6.57     0  18:15      0.0194       0.134      -0.056
  J7                   JUNCTION      1.25     7.79     0  18:15      0.0247       0.161      -0.089
  J70                  JUNCTION      0.26     0.26     0  18:15     0.00523     0.00523      -0.080
  J71                  JUNCTION      0.54     1.58     0  18:15      0.0107      0.0312      -0.278
  J8                   JUNCTION      0.44     1.06     0  18:15     0.00875      0.0277       7.345
  J89                  JUNCTION      0.53     1.75     0  18:45      0.0105      0.0392       0.855
  J9                   JUNCTION      0.70     5.14     0  18:15      0.0139       0.113       0.294
  J96                  JUNCTION      0.80     0.80     0  18:15      0.0159      0.0188       4.711
  outfall              OUTFALL       0.97     8.36     0  21:37      0.0167       0.134       0.000
  J155                 STORAGE       2.82     6.13     0  18:58      0.0566       0.684      -0.001
  
  
  **********************
  Node Surcharge Summary
  **********************
  
  Surcharging occurs when water rises above the top of the highest conduit.
  ---------------------------------------------------------------------
                                               Max. Height   Min. Depth
                                   Hours       Above Crown    Below Rim
  Node                 Type      Surcharged           Feet         Feet
  ---------------------------------------------------------------------
  J12                  JUNCTION        0.48          1.074        3.005
  J121                 JUNCTION        0.53          1.315        6.681
  J147                 JUNCTION        0.21          0.150        3.439
  J17                  JUNCTION        3.88          1.226        3.757
  J2                   JUNCTION        0.01          0.008        6.426
  J23                  JUNCTION        0.19          0.125        3.348
  J25                  JUNCTION        0.02          0.134        7.534
  J26                  JUNCTION        1.10          0.994        5.196
  J27                  JUNCTION        3.11          0.911        1.992
  J4                   JUNCTION        0.01          0.120        5.507
  J43                  JUNCTION        3.18          0.953        6.197
  J5                   JUNCTION        0.75          2.416        5.050
  J6                   JUNCTION        2.96          0.886        2.948
  J8                   JUNCTION        2.30          1.521        5.616
  J9                   JUNCTION        3.17          0.948        1.492
  J96                  JUNCTION        3.90          1.249        2.404
  
  
  *********************
  Node Flooding Summary
  *********************
  
  No nodes were flooded.
  
  
  **********************
  Storage Volume Summary
  **********************
  
  ------------------------------------------------------------------------------------------------
                         Average    Avg   Evap  Exfil     Maximum    Max    Time of Max    Maximum
                          Volume   Pcnt   Pcnt   Pcnt      Volume   Pcnt     Occurrence    Outflow
  Storage Unit          1000 ft³   Full   Loss   Loss    1000 ft³   Full    days hr:min        CFS
  ------------------------------------------------------------------------------------------------
  J155                    79.537   25.2    0.0    0.0      85.630   27.2       2  00:00       6.95
  
  
  ***********************
  Outfall Loading Summary
  ***********************
  
  -----------------------------------------------------------
                         Flow       Avg       Max       Total
                         Freq      Flow      Flow      Volume
  Outfall Node           Pcnt       CFS       CFS    10^6 gal
  -----------------------------------------------------------
  outfall               27.02      0.98      8.36       0.134
  -----------------------------------------------------------
  System                27.02      0.98      8.36       0.134
  
  
  ********************
  Link Flow Summary
  ********************
  
  -----------------------------------------------------------------------------
                                 Maximum  Time of Max   Maximum    Max/    Max/
                                  |Flow|   Occurrence   |Veloc|    Full    Full
  Link                 Type          CFS  days hr:min    ft/sec    Flow   Depth
  -----------------------------------------------------------------------------
  C103_1               CONDUIT      1.58     0  18:15      2.97    0.15    0.50
  C103_3               CONDUIT      2.29     0  18:15      2.95    0.37    0.97
  C103_4               CONDUIT      2.84     0  18:15      3.28    0.46    1.00
  C108                 CONDUIT      0.26     0  18:15      1.19    0.08    0.25
  C110                 CONDUIT      2.53     0  18:15      3.44    0.45    1.00
  C125_1               CONDUIT     12.58     0  18:15      8.53    0.15    0.90
  C125_2               CONDUIT     12.46     0  18:15      1.71    0.16    0.86
  C147                 CONDUIT      7.77     0  18:15      4.44    0.59    0.81
  C147_2               CONDUIT      9.04     0  18:15      6.34    0.69    1.00
  C147_5               CONDUIT      6.55     0  18:15      4.85    0.24    0.44
  C15                  CONDUIT      1.55     0  18:15      2.79    0.17    1.00
  C152                 CONDUIT      3.49     0  18:15      3.43    2.28    0.77
  C152_1               CONDUIT      2.32     0  18:15      1.87    1.53    1.00
  C158                 CONDUIT      1.78     0  18:15      3.24    0.19    1.00
  C159                 CONDUIT      8.22     0  21:37      0.71    0.10    0.88
  C160                 CONDUIT      7.87     0  21:37      0.93    0.10    0.88
  C167                 CONDUIT     11.34     0  18:53      0.90    0.14    0.87
  C168                 CONDUIT      6.95     0  18:55      4.58    0.09    0.54
  C174                 CONDUIT      0.77     0  18:15      2.18    0.57    0.46
  C18_1                CONDUIT     11.31     0  18:14      1.62    0.14    0.86
  C18_2                CONDUIT     12.38     0  18:07      1.82    0.15    0.86
  C2                   CONDUIT     11.32     0  18:15      1.64    0.14    0.87
  C26                  CONDUIT      0.66     0  18:15      2.75    0.26    0.88
  C27                  CONDUIT      0.81     0  18:15      2.30    0.22    1.00
  C38                  CONDUIT      0.80     0  18:15      2.56    0.13    1.00
  C47                  CONDUIT      0.99     0  18:15      2.12    0.11    1.00
  C57                  CONDUIT      8.79     0  18:20      1.24    0.11    0.87
  C62                  CONDUIT      6.99     0  21:38      0.91    0.09    0.87
  C64                  CONDUIT      1.51     0  18:45      1.98    0.11    0.94
  C64_2                CONDUIT      3.11     0  18:15      2.93    0.24    1.00
  C68_1                CONDUIT      4.44     0  18:15      3.64    0.36    1.00
  C68_2                CONDUIT      4.45     0  18:15      3.65    0.36    1.00
  C69                  CONDUIT      5.14     0  18:15      4.30    0.39    1.00
  C70_1                CONDUIT      8.22     0  21:37      0.36    0.12    0.70
  C70_2                CONDUIT      8.36     0  21:37      0.27    0.06    0.72
  C78                  CONDUIT      7.25     0  21:37      0.41    0.09    0.88
  C84                  CONDUIT     10.34     0  18:14      1.59    0.13    0.87
  C85                  CONDUIT     24.76     0  18:38      1.59    0.28    0.87
  C86                  CONDUIT      9.77     0  18:08      1.52    0.12    0.87
  C90_1                CONDUIT      0.62     0  18:15      1.87    0.16    1.00
  C90_2                CONDUIT      1.10     0  18:16      2.76    0.28    1.00
  C96                  CONDUIT      2.10     0  18:15      2.89    0.66    0.57
  
  
  ***************************
  Flow Classification Summary
  ***************************
  
  -------------------------------------------------------------------------------------
                      Adjusted    ---------- Fraction of Time in Flow Class ---------- 
                       /Actual         Up    Down  Sub   Sup   Up    Down  Norm  Inlet 
  Conduit               Length    Dry  Dry   Dry   Crit  Crit  Crit  Crit  Ltd   Ctrl  
  -------------------------------------------------------------------------------------
  C103_1                  1.00   0.35  0.00  0.00  0.65  0.00  0.00  0.00  0.60  0.00
  C103_3                  1.00   0.35  0.00  0.00  0.65  0.00  0.00  0.00  0.56  0.00
  C103_4                  1.00   0.35  0.00  0.00  0.65  0.00  0.00  0.00  0.01  0.00
  C108                    1.00   0.35  0.00  0.00  0.65  0.00  0.00  0.00  0.42  0.00
  C110                    1.00   0.35  0.00  0.00  0.62  0.00  0.00  0.03  0.00  0.00
  C125_1                  1.00   0.35  0.00  0.00  0.62  0.00  0.00  0.02  0.01  0.00
  C125_2                  1.00   0.35  0.00  0.00  0.65  0.00  0.00  0.00  0.00  0.00
  C147                    1.00   0.35  0.00  0.00  0.65  0.00  0.00  0.00  0.56  0.00
  C147_2                  1.00   0.35  0.00  0.00  0.63  0.02  0.00  0.00  0.00  0.00
  C147_5                  1.00   0.35  0.00  0.00  0.62  0.03  0.00  0.00  0.64  0.00
  C15                     1.00   0.35  0.00  0.00  0.65  0.00  0.00  0.00  0.01  0.00
  C152                    1.00   0.35  0.00  0.00  0.65  0.00  0.00  0.00  0.00  0.00
  C152_1                  1.00   0.35  0.00  0.00  0.65  0.00  0.00  0.00  0.39  0.00
  C158                    1.00   0.36  0.00  0.00  0.62  0.00  0.00  0.03  0.00  0.00
  C159                    1.00   0.36  0.00  0.00  0.64  0.00  0.00  0.00  0.00  0.00
  C160                    1.00   0.36  0.01  0.00  0.64  0.00  0.00  0.00  0.00  0.00
  C167                    1.00   0.36  0.01  0.00  0.64  0.00  0.00  0.00  0.00  0.00
  C168                    1.00   0.38  0.56  0.00  0.00  0.00  0.06  0.00  0.00  0.00
  C174                    1.00   0.35  0.00  0.00  0.65  0.00  0.00  0.00  0.04  0.00
  C18_1                   1.00   0.35  0.00  0.00  0.64  0.00  0.00  0.00  0.01  0.00
  C18_2                   1.00   0.35  0.00  0.00  0.65  0.00  0.00  0.00  0.00  0.00
  C2                      1.00   0.35  0.01  0.00  0.64  0.00  0.00  0.00  0.00  0.00
  C26                     1.00   0.35  0.04  0.00  0.58  0.00  0.00  0.03  0.56  0.00
  C27                     1.00   0.35  0.00  0.00  0.65  0.00  0.00  0.00  0.56  0.00
  C38                     1.00   0.35  0.00  0.00  0.62  0.00  0.00  0.03  0.00  0.00
  C47                     1.00   0.35  0.00  0.00  0.65  0.00  0.00  0.00  0.03  0.00
  C57                     1.00   0.36  0.00  0.00  0.64  0.00  0.00  0.00  0.00  0.00
  C62                     1.00   0.35  0.00  0.00  0.64  0.00  0.00  0.00  0.00  0.00
  C64                     1.00   0.35  0.00  0.00  0.65  0.00  0.00  0.00  0.03  0.00
  C64_2                   1.00   0.35  0.00  0.00  0.65  0.00  0.00  0.00  0.03  0.00
  C68_1                   1.00   0.35  0.00  0.00  0.65  0.00  0.00  0.00  0.00  0.00
  C68_2                   1.00   0.35  0.00  0.00  0.64  0.00  0.00  0.00  0.01  0.00
  C69                     1.00   0.35  0.00  0.00  0.62  0.00  0.00  0.03  0.00  0.00
  C70_1                   1.00   0.36  0.01  0.00  0.64  0.00  0.00  0.00  0.00  0.00
  C70_2                   1.00   0.00  0.00  0.00  1.00  0.00  0.00  0.00  0.00  0.00
  C78                     1.00   0.35  0.00  0.00  0.65  0.00  0.00  0.00  0.00  0.00
  C84                     1.00   0.35  0.00  0.00  0.65  0.00  0.00  0.00  0.00  0.00
  C85                     1.00   0.35  0.01  0.00  0.64  0.00  0.00  0.00  0.00  0.00
  C86                     1.00   0.35  0.00  0.00  0.65  0.00  0.00  0.00  0.00  0.00
  C90_1                   1.00   0.35  0.00  0.00  0.65  0.00  0.00  0.00  0.01  0.00
  C90_2                   1.00   0.36  0.00  0.00  0.62  0.00  0.00  0.03  0.00  0.00
  C96                     1.00   0.35  0.00  0.00  0.65  0.00  0.00  0.00  0.08  0.00
  
  
  *************************
  Conduit Surcharge Summary
  *************************
  
  ----------------------------------------------------------------------------
                                                           Hours        Hours 
                         --------- Hours Full --------   Above Full   Capacity
  Conduit                Both Ends  Upstream  Dnstream   Normal Flow   Limited
  ----------------------------------------------------------------------------
  C103_3                      0.01      0.01      0.75      0.01         0.01
  C103_4                      0.75      0.75      2.97      0.01         0.01
  C110                        3.18      3.18      4.31      0.01         0.01
  C125_1                      0.01      0.01     29.63      0.01         0.01
  C147                        0.01      0.01      0.01      0.01         0.01
  C147_2                      0.01      0.01      0.77      0.01         0.01
  C15                         1.10      1.10      3.88      0.01         0.01
  C152                        0.01      0.19      0.01      0.74         0.01
  C152_1                      0.19      0.21      0.19      0.52         0.19
  C158                        3.88      3.88      4.12      0.01         0.01
  C26                         0.01      0.01      3.45      0.01         0.01
  C27                         0.01      0.01      1.36      0.01         0.01
  C38                         3.90      3.90      4.79      0.01         0.01
  C47                         0.02      0.02      1.10      0.01         0.01
  C64                         0.01      0.01      0.48      0.01         0.01
  C64_2                       0.48      0.48      2.96      0.01         0.01
  C68_1                       2.96      2.96      3.11      0.01         0.02
  C68_2                       3.10      3.11      3.16      0.01         0.05
  C69                         3.16      3.16      3.45      0.01         0.01
  C90_1                       0.53      0.53      2.30      0.01         0.01
  C90_2                       2.30      2.30      4.82      0.01         0.01
  

  Analysis begun on:  Tue Jun 17 14:07:17 2025
  Analysis ended on:  Tue Jun 17 14:07:19 2025
  Total elapsed time: 00:00:02